<?xml version="1.0" encoding="UTF-8"?>
<testsuite xmlns:xsi="http://www.w3.org/2001/XMLSchema-instance" xsi:noNamespaceSchemaLocation="https://maven.apache.org/surefire/maven-surefire-plugin/xsd/surefire-test-report-3.0.xsd" version="3.0" name="com.xy.data.ImServerApplicationTests" time="0.378" tests="1" errors="1" skipped="0" failures="0">
  <properties>
    <property name="java.specification.version" value="21"/>
    <property name="sun.cpu.isalist" value="amd64"/>
    <property name="sun.jnu.encoding" value="GBK"/>
    <property name="java.class.path" value="D:\UGit\Lynk\im-server\target\test-classes;D:\UGit\Lynk\im-server\target\classes;D:\UGit\Lynk\im-common\im-core\target\im-core-0.0.1-SNAPSHOT.jar;D:\Program Files\Maven\MavenRepository\cn\hutool\hutool-all\5.8.25\hutool-all-5.8.25.jar;D:\Program Files\Maven\MavenRepository\commons-io\commons-io\2.11.0\commons-io-2.11.0.jar;D:\Program Files\Maven\MavenRepository\org\apache\commons\commons-lang3\3.13.0\commons-lang3-3.13.0.jar;D:\Program Files\Maven\MavenRepository\ch\qos\logback\logback-classic\1.4.11\logback-classic-1.4.11.jar;D:\Program Files\Maven\MavenRepository\ch\qos\logback\logback-core\1.4.11\logback-core-1.4.11.jar;D:\UGit\Lynk\im-common\im-domain\target\im-domain-0.0.1-SNAPSHOT.jar;D:\Program Files\Maven\MavenRepository\io\swagger\core\v3\swagger-annotations\2.2.25\swagger-annotations-2.2.25.jar;D:\UGit\Lynk\im-common\im-utils\target\im-utils-0.0.1-SNAPSHOT.jar;D:\UGit\Lynk\im-common\im-general\target\im-general-0.0.1-SNAPSHOT.jar;D:\Program Files\Maven\MavenRepository\org\projectlombok\lombok\1.18.30\lombok-1.18.30.jar;D:\Program Files\Maven\MavenRepository\jakarta\validation\jakarta.validation-api\3.0.2\jakarta.validation-api-3.0.2.jar;D:\Program Files\Maven\MavenRepository\com\fasterxml\jackson\core\jackson-annotations\2.15.2\jackson-annotations-2.15.2.jar;D:\Program Files\Maven\MavenRepository\com\fasterxml\jackson\core\jackson-core\2.15.2\jackson-core-2.15.2.jar;D:\Program Files\Maven\MavenRepository\com\fasterxml\jackson\core\jackson-databind\2.15.2\jackson-databind-2.15.2.jar;D:\Program Files\Maven\MavenRepository\io\minio\minio\8.4.3\minio-8.4.3.jar;D:\Program Files\Maven\MavenRepository\com\carrotsearch\thirdparty\simple-xml-safe\2.7.1\simple-xml-safe-2.7.1.jar;D:\Program Files\Maven\MavenRepository\com\google\guava\guava\30.1.1-jre\guava-30.1.1-jre.jar;D:\Program Files\Maven\MavenRepository\com\google\guava\failureaccess\1.0.1\failureaccess-1.0.1.jar;D:\Program Files\Maven\MavenRepository\com\google\guava\listenablefuture\9999.0-empty-to-avoid-conflict-with-guava\listenablefuture-9999.0-empty-to-avoid-conflict-with-guava.jar;D:\Program Files\Maven\MavenRepository\com\google\code\findbugs\jsr305\3.0.2\jsr305-3.0.2.jar;D:\Program Files\Maven\MavenRepository\org\checkerframework\checker-qual\3.8.0\checker-qual-3.8.0.jar;D:\Program Files\Maven\MavenRepository\com\google\errorprone\error_prone_annotations\2.5.1\error_prone_annotations-2.5.1.jar;D:\Program Files\Maven\MavenRepository\com\google\j2objc\j2objc-annotations\1.3\j2objc-annotations-1.3.jar;D:\Program Files\Maven\MavenRepository\org\bouncycastle\bcprov-jdk15on\1.69\bcprov-jdk15on-1.69.jar;D:\Program Files\Maven\MavenRepository\org\apache\commons\commons-compress\1.21\commons-compress-1.21.jar;D:\Program Files\Maven\MavenRepository\org\xerial\snappy\snappy-java\1.1.8.4\snappy-java-1.1.8.4.jar;D:\Program Files\Maven\MavenRepository\com\squareup\okhttp3\okhttp\4.9.0\okhttp-4.9.0.jar;D:\Program Files\Maven\MavenRepository\com\squareup\okio\okio\2.8.0\okio-2.8.0.jar;D:\Program Files\Maven\MavenRepository\org\jetbrains\kotlin\kotlin-stdlib\1.3.70\kotlin-stdlib-1.3.70.jar;D:\Program Files\Maven\MavenRepository\org\jetbrains\kotlin\kotlin-stdlib-common\1.9.20\kotlin-stdlib-common-1.9.20.jar;D:\Program Files\Maven\MavenRepository\org\jetbrains\annotations\13.0\annotations-13.0.jar;D:\Program Files\Maven\MavenRepository\org\springframework\boot\spring-boot-starter-amqp\3.2.0\spring-boot-starter-amqp-3.2.0.jar;D:\Program Files\Maven\MavenRepository\org\springframework\spring-messaging\6.1.1\spring-messaging-6.1.1.jar;D:\Program Files\Maven\MavenRepository\org\springframework\spring-beans\6.1.1\spring-beans-6.1.1.jar;D:\Program Files\Maven\MavenRepository\org\springframework\amqp\spring-rabbit\3.1.0\spring-rabbit-3.1.0.jar;D:\Program Files\Maven\MavenRepository\org\springframework\amqp\spring-amqp\3.1.0\spring-amqp-3.1.0.jar;D:\Program Files\Maven\MavenRepository\org\springframework\retry\spring-retry\2.0.4\spring-retry-2.0.4.jar;D:\Program Files\Maven\MavenRepository\com\rabbitmq\amqp-client\5.19.0\amqp-client-5.19.0.jar;D:\Program Files\Maven\MavenRepository\org\springframework\spring-context\6.1.1\spring-context-6.1.1.jar;D:\Program Files\Maven\MavenRepository\org\springframework\spring-tx\6.1.1\spring-tx-6.1.1.jar;D:\Program Files\Maven\MavenRepository\com\github\xiaoymin\knife4j-openapi3-jakarta-spring-boot-starter\4.3.0\knife4j-openapi3-jakarta-spring-boot-starter-4.3.0.jar;D:\Program Files\Maven\MavenRepository\com\github\xiaoymin\knife4j-core\4.3.0\knife4j-core-4.3.0.jar;D:\Program Files\Maven\MavenRepository\com\github\xiaoymin\knife4j-openapi3-ui\4.3.0\knife4j-openapi3-ui-4.3.0.jar;D:\Program Files\Maven\MavenRepository\org\springdoc\springdoc-openapi-starter-webmvc-ui\2.0.4\springdoc-openapi-starter-webmvc-ui-2.0.4.jar;D:\Program Files\Maven\MavenRepository\org\springdoc\springdoc-openapi-starter-webmvc-api\2.0.4\springdoc-openapi-starter-webmvc-api-2.0.4.jar;D:\Program Files\Maven\MavenRepository\org\springdoc\springdoc-openapi-starter-common\2.0.4\springdoc-openapi-starter-common-2.0.4.jar;D:\Program Files\Maven\MavenRepository\io\swagger\core\v3\swagger-core-jakarta\2.2.8\swagger-core-jakarta-2.2.8.jar;D:\Program Files\Maven\MavenRepository\io\swagger\core\v3\swagger-annotations-jakarta\2.2.8\swagger-annotations-jakarta-2.2.8.jar;D:\Program Files\Maven\MavenRepository\io\swagger\core\v3\swagger-models-jakarta\2.2.8\swagger-models-jakarta-2.2.8.jar;D:\Program Files\Maven\MavenRepository\com\fasterxml\jackson\dataformat\jackson-dataformat-yaml\2.15.3\jackson-dataformat-yaml-2.15.3.jar;D:\Program Files\Maven\MavenRepository\org\webjars\swagger-ui\4.18.1\swagger-ui-4.18.1.jar;D:\Program Files\Maven\MavenRepository\org\webjars\webjars-locator-core\0.55\webjars-locator-core-0.55.jar;D:\Program Files\Maven\MavenRepository\io\github\classgraph\classgraph\4.8.149\classgraph-4.8.149.jar;D:\Program Files\Maven\MavenRepository\org\springframework\boot\spring-boot-starter-data-redis\3.2.0\spring-boot-starter-data-redis-3.2.0.jar;D:\Program Files\Maven\MavenRepository\io\lettuce\lettuce-core\6.3.0.RELEASE\lettuce-core-6.3.0.RELEASE.jar;D:\Program Files\Maven\MavenRepository\io\netty\netty-common\4.1.101.Final\netty-common-4.1.101.Final.jar;D:\Program Files\Maven\MavenRepository\io\netty\netty-handler\4.1.101.Final\netty-handler-4.1.101.Final.jar;D:\Program Files\Maven\MavenRepository\io\netty\netty-resolver\4.1.101.Final\netty-resolver-4.1.101.Final.jar;D:\Program Files\Maven\MavenRepository\io\netty\netty-buffer\4.1.101.Final\netty-buffer-4.1.101.Final.jar;D:\Program Files\Maven\MavenRepository\io\netty\netty-transport-native-unix-common\4.1.101.Final\netty-transport-native-unix-common-4.1.101.Final.jar;D:\Program Files\Maven\MavenRepository\io\netty\netty-codec\4.1.101.Final\netty-codec-4.1.101.Final.jar;D:\Program Files\Maven\MavenRepository\io\netty\netty-transport\4.1.101.Final\netty-transport-4.1.101.Final.jar;D:\Program Files\Maven\MavenRepository\io\projectreactor\reactor-core\3.6.0\reactor-core-3.6.0.jar;D:\Program Files\Maven\MavenRepository\org\reactivestreams\reactive-streams\1.0.4\reactive-streams-1.0.4.jar;D:\Program Files\Maven\MavenRepository\org\springframework\data\spring-data-redis\3.2.0\spring-data-redis-3.2.0.jar;D:\Program Files\Maven\MavenRepository\org\springframework\data\spring-data-keyvalue\3.2.0\spring-data-keyvalue-3.2.0.jar;D:\Program Files\Maven\MavenRepository\org\springframework\data\spring-data-commons\3.2.0\spring-data-commons-3.2.0.jar;D:\Program Files\Maven\MavenRepository\org\springframework\spring-oxm\6.1.1\spring-oxm-6.1.1.jar;D:\Program Files\Maven\MavenRepository\org\springframework\spring-context-support\6.1.1\spring-context-support-6.1.1.jar;D:\Program Files\Maven\MavenRepository\org\springframework\boot\spring-boot-starter\3.2.0\spring-boot-starter-3.2.0.jar;D:\Program Files\Maven\MavenRepository\org\springframework\boot\spring-boot\3.2.0\spring-boot-3.2.0.jar;D:\Program Files\Maven\MavenRepository\org\springframework\boot\spring-boot-autoconfigure\3.2.0\spring-boot-autoconfigure-3.2.0.jar;D:\Program Files\Maven\MavenRepository\org\springframework\boot\spring-boot-starter-logging\3.2.0\spring-boot-starter-logging-3.2.0.jar;D:\Program Files\Maven\MavenRepository\org\apache\logging\log4j\log4j-to-slf4j\2.21.1\log4j-to-slf4j-2.21.1.jar;D:\Program Files\Maven\MavenRepository\org\apache\logging\log4j\log4j-api\2.21.1\log4j-api-2.21.1.jar;D:\Program Files\Maven\MavenRepository\org\slf4j\jul-to-slf4j\2.0.9\jul-to-slf4j-2.0.9.jar;D:\Program Files\Maven\MavenRepository\jakarta\annotation\jakarta.annotation-api\2.1.1\jakarta.annotation-api-2.1.1.jar;D:\Program Files\Maven\MavenRepository\org\springframework\spring-core\6.1.1\spring-core-6.1.1.jar;D:\Program Files\Maven\MavenRepository\org\springframework\spring-jcl\6.1.1\spring-jcl-6.1.1.jar;D:\Program Files\Maven\MavenRepository\org\yaml\snakeyaml\2.2\snakeyaml-2.2.jar;D:\Program Files\Maven\MavenRepository\org\springframework\boot\spring-boot-starter-aop\3.2.0\spring-boot-starter-aop-3.2.0.jar;D:\Program Files\Maven\MavenRepository\org\springframework\spring-aop\6.1.1\spring-aop-6.1.1.jar;D:\Program Files\Maven\MavenRepository\org\aspectj\aspectjweaver\1.9.20.1\aspectjweaver-1.9.20.1.jar;D:\Program Files\Maven\MavenRepository\org\springframework\boot\spring-boot-starter-web\3.2.0\spring-boot-starter-web-3.2.0.jar;D:\Program Files\Maven\MavenRepository\org\springframework\boot\spring-boot-starter-json\3.2.0\spring-boot-starter-json-3.2.0.jar;D:\Program Files\Maven\MavenRepository\com\fasterxml\jackson\datatype\jackson-datatype-jdk8\2.15.3\jackson-datatype-jdk8-2.15.3.jar;D:\Program Files\Maven\MavenRepository\com\fasterxml\jackson\datatype\jackson-datatype-jsr310\2.15.3\jackson-datatype-jsr310-2.15.3.jar;D:\Program Files\Maven\MavenRepository\com\fasterxml\jackson\module\jackson-module-parameter-names\2.15.3\jackson-module-parameter-names-2.15.3.jar;D:\Program Files\Maven\MavenRepository\org\springframework\spring-web\6.1.1\spring-web-6.1.1.jar;D:\Program Files\Maven\MavenRepository\org\springframework\spring-webmvc\6.1.1\spring-webmvc-6.1.1.jar;D:\Program Files\Maven\MavenRepository\org\springframework\spring-expression\6.1.1\spring-expression-6.1.1.jar;D:\Program Files\Maven\MavenRepository\org\springframework\boot\spring-boot-starter-undertow\3.2.0\spring-boot-starter-undertow-3.2.0.jar;D:\Program Files\Maven\MavenRepository\io\undertow\undertow-core\2.3.10.Final\undertow-core-2.3.10.Final.jar;D:\Program Files\Maven\MavenRepository\org\jboss\logging\jboss-logging\3.5.3.Final\jboss-logging-3.5.3.Final.jar;D:\Program Files\Maven\MavenRepository\org\jboss\xnio\xnio-api\3.8.8.Final\xnio-api-3.8.8.Final.jar;D:\Program Files\Maven\MavenRepository\org\wildfly\common\wildfly-common\1.5.4.Final\wildfly-common-1.5.4.Final.jar;D:\Program Files\Maven\MavenRepository\org\wildfly\client\wildfly-client-config\1.0.1.Final\wildfly-client-config-1.0.1.Final.jar;D:\Program Files\Maven\MavenRepository\org\jboss\xnio\xnio-nio\3.8.8.Final\xnio-nio-3.8.8.Final.jar;D:\Program Files\Maven\MavenRepository\org\jboss\threads\jboss-threads\3.5.0.Final\jboss-threads-3.5.0.Final.jar;D:\Program Files\Maven\MavenRepository\io\undertow\undertow-servlet\2.3.10.Final\undertow-servlet-2.3.10.Final.jar;D:\Program Files\Maven\MavenRepository\jakarta\servlet\jakarta.servlet-api\6.0.0\jakarta.servlet-api-6.0.0.jar;D:\Program Files\Maven\MavenRepository\io\undertow\undertow-websockets-jsr\2.3.10.Final\undertow-websockets-jsr-2.3.10.Final.jar;D:\Program Files\Maven\MavenRepository\jakarta\websocket\jakarta.websocket-api\2.1.1\jakarta.websocket-api-2.1.1.jar;D:\Program Files\Maven\MavenRepository\jakarta\websocket\jakarta.websocket-client-api\2.1.1\jakarta.websocket-client-api-2.1.1.jar;D:\Program Files\Maven\MavenRepository\org\apache\tomcat\embed\tomcat-embed-el\10.1.16\tomcat-embed-el-10.1.16.jar;D:\Program Files\Maven\MavenRepository\org\springframework\boot\spring-boot-starter-test\3.2.0\spring-boot-starter-test-3.2.0.jar;D:\Program Files\Maven\MavenRepository\org\springframework\boot\spring-boot-test\3.2.0\spring-boot-test-3.2.0.jar;D:\Program Files\Maven\MavenRepository\org\springframework\boot\spring-boot-test-autoconfigure\3.2.0\spring-boot-test-autoconfigure-3.2.0.jar;D:\Program Files\Maven\MavenRepository\com\jayway\jsonpath\json-path\2.8.0\json-path-2.8.0.jar;D:\Program Files\Maven\MavenRepository\jakarta\xml\bind\jakarta.xml.bind-api\4.0.1\jakarta.xml.bind-api-4.0.1.jar;D:\Program Files\Maven\MavenRepository\jakarta\activation\jakarta.activation-api\2.1.2\jakarta.activation-api-2.1.2.jar;D:\Program Files\Maven\MavenRepository\net\minidev\json-smart\2.5.0\json-smart-2.5.0.jar;D:\Program Files\Maven\MavenRepository\net\minidev\accessors-smart\2.5.0\accessors-smart-2.5.0.jar;D:\Program Files\Maven\MavenRepository\org\ow2\asm\asm\9.3\asm-9.3.jar;D:\Program Files\Maven\MavenRepository\org\assertj\assertj-core\3.24.2\assertj-core-3.24.2.jar;D:\Program Files\Maven\MavenRepository\net\bytebuddy\byte-buddy\1.14.10\byte-buddy-1.14.10.jar;D:\Program Files\Maven\MavenRepository\org\awaitility\awaitility\4.2.0\awaitility-4.2.0.jar;D:\Program Files\Maven\MavenRepository\org\hamcrest\hamcrest\2.2\hamcrest-2.2.jar;D:\Program Files\Maven\MavenRepository\org\junit\jupiter\junit-jupiter\5.10.1\junit-jupiter-5.10.1.jar;D:\Program Files\Maven\MavenRepository\org\junit\jupiter\junit-jupiter-api\5.10.1\junit-jupiter-api-5.10.1.jar;D:\Program Files\Maven\MavenRepository\org\opentest4j\opentest4j\1.3.0\opentest4j-1.3.0.jar;D:\Program Files\Maven\MavenRepository\org\junit\platform\junit-platform-commons\1.10.1\junit-platform-commons-1.10.1.jar;D:\Program Files\Maven\MavenRepository\org\apiguardian\apiguardian-api\1.1.2\apiguardian-api-1.1.2.jar;D:\Program Files\Maven\MavenRepository\org\junit\jupiter\junit-jupiter-params\5.10.1\junit-jupiter-params-5.10.1.jar;D:\Program Files\Maven\MavenRepository\org\junit\jupiter\junit-jupiter-engine\5.10.1\junit-jupiter-engine-5.10.1.jar;D:\Program Files\Maven\MavenRepository\org\junit\platform\junit-platform-engine\1.10.1\junit-platform-engine-1.10.1.jar;D:\Program Files\Maven\MavenRepository\org\mockito\mockito-core\5.7.0\mockito-core-5.7.0.jar;D:\Program Files\Maven\MavenRepository\net\bytebuddy\byte-buddy-agent\1.14.10\byte-buddy-agent-1.14.10.jar;D:\Program Files\Maven\MavenRepository\org\objenesis\objenesis\3.3\objenesis-3.3.jar;D:\Program Files\Maven\MavenRepository\org\mockito\mockito-junit-jupiter\5.7.0\mockito-junit-jupiter-5.7.0.jar;D:\Program Files\Maven\MavenRepository\org\skyscreamer\jsonassert\1.5.1\jsonassert-1.5.1.jar;D:\Program Files\Maven\MavenRepository\com\vaadin\external\google\android-json\0.0.20131108.vaadin1\android-json-0.0.20131108.vaadin1.jar;D:\Program Files\Maven\MavenRepository\org\springframework\spring-test\6.1.1\spring-test-6.1.1.jar;D:\Program Files\Maven\MavenRepository\org\xmlunit\xmlunit-core\2.9.1\xmlunit-core-2.9.1.jar;D:\Program Files\Maven\MavenRepository\org\springframework\boot\spring-boot-starter-validation\3.2.0\spring-boot-starter-validation-3.2.0.jar;D:\Program Files\Maven\MavenRepository\org\hibernate\validator\hibernate-validator\8.0.1.Final\hibernate-validator-8.0.1.Final.jar;D:\Program Files\Maven\MavenRepository\com\fasterxml\classmate\1.6.0\classmate-1.6.0.jar;D:\Program Files\Maven\MavenRepository\com\alibaba\cloud\spring-cloud-starter-alibaba-nacos-discovery\2023.0.0.0-RC1\spring-cloud-starter-alibaba-nacos-discovery-2023.0.0.0-RC1.jar;D:\Program Files\Maven\MavenRepository\com\alibaba\cloud\spring-cloud-alibaba-commons\2023.0.0.0-RC1\spring-cloud-alibaba-commons-2023.0.0.0-RC1.jar;D:\Program Files\Maven\MavenRepository\com\alibaba\nacos\nacos-client\2.3.0\nacos-client-2.3.0.jar;D:\Program Files\Maven\MavenRepository\com\alibaba\nacos\nacos-auth-plugin\2.3.0\nacos-auth-plugin-2.3.0.jar;D:\Program Files\Maven\MavenRepository\com\alibaba\nacos\nacos-encryption-plugin\2.3.0\nacos-encryption-plugin-2.3.0.jar;D:\Program Files\Maven\MavenRepository\commons-codec\commons-codec\1.16.0\commons-codec-1.16.0.jar;D:\Program Files\Maven\MavenRepository\org\apache\httpcomponents\httpasyncclient\4.1.5\httpasyncclient-4.1.5.jar;D:\Program Files\Maven\MavenRepository\org\apache\httpcomponents\httpcore-nio\4.4.16\httpcore-nio-4.4.16.jar;D:\Program Files\Maven\MavenRepository\org\apache\httpcomponents\httpclient\4.5.13\httpclient-4.5.13.jar;D:\Program Files\Maven\MavenRepository\org\apache\httpcomponents\httpcore\4.4.16\httpcore-4.4.16.jar;D:\Program Files\Maven\MavenRepository\io\prometheus\simpleclient\0.16.0\simpleclient-0.16.0.jar;D:\Program Files\Maven\MavenRepository\io\prometheus\simpleclient_tracer_otel\0.16.0\simpleclient_tracer_otel-0.16.0.jar;D:\Program Files\Maven\MavenRepository\io\prometheus\simpleclient_tracer_common\0.16.0\simpleclient_tracer_common-0.16.0.jar;D:\Program Files\Maven\MavenRepository\io\prometheus\simpleclient_tracer_otel_agent\0.16.0\simpleclient_tracer_otel_agent-0.16.0.jar;D:\Program Files\Maven\MavenRepository\com\alibaba\spring\spring-context-support\1.0.11\spring-context-support-1.0.11.jar;D:\Program Files\Maven\MavenRepository\org\springframework\cloud\spring-cloud-commons\4.1.0\spring-cloud-commons-4.1.0.jar;D:\Program Files\Maven\MavenRepository\org\springframework\security\spring-security-crypto\6.2.0\spring-security-crypto-6.2.0.jar;D:\Program Files\Maven\MavenRepository\org\springframework\cloud\spring-cloud-context\4.1.0\spring-cloud-context-4.1.0.jar;D:\Program Files\Maven\MavenRepository\com\alibaba\cloud\spring-cloud-starter-alibaba-nacos-config\2023.0.0.0-RC1\spring-cloud-starter-alibaba-nacos-config-2023.0.0.0-RC1.jar;D:\Program Files\Maven\MavenRepository\org\slf4j\slf4j-api\2.0.9\slf4j-api-2.0.9.jar;D:\Program Files\Maven\MavenRepository\org\springframework\cloud\spring-cloud-starter-openfeign\4.1.0\spring-cloud-starter-openfeign-4.1.0.jar;D:\Program Files\Maven\MavenRepository\org\springframework\cloud\spring-cloud-starter\4.1.0\spring-cloud-starter-4.1.0.jar;D:\Program Files\Maven\MavenRepository\org\springframework\security\spring-security-rsa\1.1.1\spring-security-rsa-1.1.1.jar;D:\Program Files\Maven\MavenRepository\org\bouncycastle\bcprov-jdk18on\1.74\bcprov-jdk18on-1.74.jar;D:\Program Files\Maven\MavenRepository\org\springframework\cloud\spring-cloud-openfeign-core\4.1.0\spring-cloud-openfeign-core-4.1.0.jar;D:\Program Files\Maven\MavenRepository\io\github\openfeign\form\feign-form-spring\3.8.0\feign-form-spring-3.8.0.jar;D:\Program Files\Maven\MavenRepository\io\github\openfeign\form\feign-form\3.8.0\feign-form-3.8.0.jar;D:\Program Files\Maven\MavenRepository\commons-fileupload\commons-fileupload\1.5\commons-fileupload-1.5.jar;D:\Program Files\Maven\MavenRepository\io\github\openfeign\feign-core\13.1\feign-core-13.1.jar;D:\Program Files\Maven\MavenRepository\io\github\openfeign\feign-slf4j\13.1\feign-slf4j-13.1.jar;D:\Program Files\Maven\MavenRepository\org\springframework\cloud\spring-cloud-starter-loadbalancer\4.1.0\spring-cloud-starter-loadbalancer-4.1.0.jar;D:\Program Files\Maven\MavenRepository\org\springframework\cloud\spring-cloud-loadbalancer\4.1.0\spring-cloud-loadbalancer-4.1.0.jar;D:\Program Files\Maven\MavenRepository\io\projectreactor\addons\reactor-extra\3.5.1\reactor-extra-3.5.1.jar;D:\Program Files\Maven\MavenRepository\org\springframework\boot\spring-boot-starter-cache\3.2.0\spring-boot-starter-cache-3.2.0.jar;D:\Program Files\Maven\MavenRepository\com\stoyanr\evictor\1.0.0\evictor-1.0.0.jar;D:\Program Files\Maven\MavenRepository\com\alibaba\cloud\spring-cloud-starter-alibaba-sentinel\2023.0.0.0-RC1\spring-cloud-starter-alibaba-sentinel-2023.0.0.0-RC1.jar;D:\Program Files\Maven\MavenRepository\com\alibaba\csp\sentinel-transport-simple-http\1.8.6\sentinel-transport-simple-http-1.8.6.jar;D:\Program Files\Maven\MavenRepository\com\alibaba\csp\sentinel-transport-common\1.8.6\sentinel-transport-common-1.8.6.jar;D:\Program Files\Maven\MavenRepository\com\alibaba\csp\sentinel-datasource-extension\1.8.6\sentinel-datasource-extension-1.8.6.jar;D:\Program Files\Maven\MavenRepository\com\alibaba\fastjson\1.2.83_noneautotype\fastjson-1.2.83_noneautotype.jar;D:\Program Files\Maven\MavenRepository\com\alibaba\csp\sentinel-annotation-aspectj\1.8.6\sentinel-annotation-aspectj-1.8.6.jar;D:\Program Files\Maven\MavenRepository\com\alibaba\csp\sentinel-core\1.8.6\sentinel-core-1.8.6.jar;D:\Program Files\Maven\MavenRepository\com\alibaba\cloud\spring-cloud-circuitbreaker-sentinel\2023.0.0.0-RC1\spring-cloud-circuitbreaker-sentinel-2023.0.0.0-RC1.jar;D:\Program Files\Maven\MavenRepository\com\alibaba\csp\sentinel-reactor-adapter\1.8.6\sentinel-reactor-adapter-1.8.6.jar;D:\Program Files\Maven\MavenRepository\com\alibaba\csp\sentinel-spring-webflux-adapter\1.8.6\sentinel-spring-webflux-adapter-1.8.6.jar;D:\Program Files\Maven\MavenRepository\com\alibaba\csp\sentinel-spring-webmvc-6x-adapter\1.8.6\sentinel-spring-webmvc-6x-adapter-1.8.6.jar;D:\Program Files\Maven\MavenRepository\com\alibaba\csp\sentinel-parameter-flow-control\1.8.6\sentinel-parameter-flow-control-1.8.6.jar;D:\Program Files\Maven\MavenRepository\com\googlecode\concurrentlinkedhashmap\concurrentlinkedhashmap-lru\1.4.2\concurrentlinkedhashmap-lru-1.4.2.jar;D:\Program Files\Maven\MavenRepository\com\alibaba\csp\sentinel-cluster-server-default\1.8.6\sentinel-cluster-server-default-1.8.6.jar;D:\Program Files\Maven\MavenRepository\com\alibaba\csp\sentinel-cluster-common-default\1.8.6\sentinel-cluster-common-default-1.8.6.jar;D:\Program Files\Maven\MavenRepository\com\alibaba\csp\sentinel-cluster-client-default\1.8.6\sentinel-cluster-client-default-1.8.6.jar;D:\Program Files\Maven\MavenRepository\com\alibaba\cloud\spring-cloud-alibaba-sentinel-datasource\2023.0.0.0-RC1\spring-cloud-alibaba-sentinel-datasource-2023.0.0.0-RC1.jar;D:\Program Files\Maven\MavenRepository\org\springframework\boot\spring-boot-starter-actuator\3.2.0\spring-boot-starter-actuator-3.2.0.jar;D:\Program Files\Maven\MavenRepository\org\springframework\boot\spring-boot-actuator-autoconfigure\3.2.0\spring-boot-actuator-autoconfigure-3.2.0.jar;D:\Program Files\Maven\MavenRepository\org\springframework\boot\spring-boot-actuator\3.2.0\spring-boot-actuator-3.2.0.jar;D:\Program Files\Maven\MavenRepository\io\micrometer\micrometer-observation\1.12.0\micrometer-observation-1.12.0.jar;D:\Program Files\Maven\MavenRepository\io\micrometer\micrometer-commons\1.12.0\micrometer-commons-1.12.0.jar;D:\Program Files\Maven\MavenRepository\io\micrometer\micrometer-jakarta9\1.12.0\micrometer-jakarta9-1.12.0.jar;D:\Program Files\Maven\MavenRepository\io\micrometer\micrometer-core\1.12.0\micrometer-core-1.12.0.jar;D:\Program Files\Maven\MavenRepository\org\hdrhistogram\HdrHistogram\2.1.12\HdrHistogram-2.1.12.jar;D:\Program Files\Maven\MavenRepository\org\latencyutils\LatencyUtils\2.0.3\LatencyUtils-2.0.3.jar;D:\Program Files\Maven\MavenRepository\org\springframework\cloud\spring-cloud-starter-bootstrap\4.1.0\spring-cloud-starter-bootstrap-4.1.0.jar;D:\Program Files\Maven\MavenRepository\org\graalvm\buildtools\native-maven-plugin\0.9.28\native-maven-plugin-0.9.28.jar;D:\Program Files\Maven\MavenRepository\org\graalvm\buildtools\junit-platform-native\0.9.28\junit-platform-native-0.9.28.jar;D:\Program Files\Maven\MavenRepository\org\junit\platform\junit-platform-console\1.10.1\junit-platform-console-1.10.1.jar;D:\Program Files\Maven\MavenRepository\org\junit\platform\junit-platform-reporting\1.10.1\junit-platform-reporting-1.10.1.jar;D:\Program Files\Maven\MavenRepository\org\junit\platform\junit-platform-launcher\1.10.1\junit-platform-launcher-1.10.1.jar;D:\Program Files\Maven\MavenRepository\org\graalvm\buildtools\utils\0.9.28\utils-0.9.28.jar;D:\Program Files\Maven\MavenRepository\org\graalvm\buildtools\graalvm-reachability-metadata\0.9.28\graalvm-reachability-metadata-0.9.28.jar;D:\Program Files\Maven\MavenRepository\org\graalvm\nativeimage\svm\22.3.3\svm-22.3.3.jar;D:\Program Files\Maven\MavenRepository\org\graalvm\sdk\graal-sdk\22.3.3\graal-sdk-22.3.3.jar;D:\Program Files\Maven\MavenRepository\org\graalvm\nativeimage\objectfile\22.3.3\objectfile-22.3.3.jar;D:\Program Files\Maven\MavenRepository\org\graalvm\nativeimage\pointsto\22.3.3\pointsto-22.3.3.jar;D:\Program Files\Maven\MavenRepository\org\graalvm\compiler\compiler\22.3.3\compiler-22.3.3.jar;D:\Program Files\Maven\MavenRepository\org\graalvm\truffle\truffle-api\22.3.3\truffle-api-22.3.3.jar;D:\Program Files\Maven\MavenRepository\org\graalvm\nativeimage\native-image-base\22.3.3\native-image-base-22.3.3.jar;D:\Program Files\Maven\MavenRepository\org\codehaus\plexus\plexus-utils\4.0.0\plexus-utils-4.0.0.jar;D:\Program Files\Maven\MavenRepository\org\codehaus\plexus\plexus-xml\4.0.2\plexus-xml-4.0.2.jar;D:\Program Files\Maven\MavenRepository\org\apache\maven\maven-xml-impl\4.0.0-alpha-7\maven-xml-impl-4.0.0-alpha-7.jar;D:\Program Files\Maven\MavenRepository\org\apache\maven\maven-api-xml\4.0.0-alpha-7\maven-api-xml-4.0.0-alpha-7.jar;D:\Program Files\Maven\MavenRepository\org\apache\maven\maven-api-meta\4.0.0-alpha-7\maven-api-meta-4.0.0-alpha-7.jar;"/>
    <property name="java.vm.vendor" value="Oracle Corporation"/>
    <property name="sun.arch.data.model" value="64"/>
    <property name="user.variant" value=""/>
    <property name="java.vendor.url" value="https://java.oracle.com/"/>
    <property name="user.timezone" value="Asia/Shanghai"/>
    <property name="os.name" value="Windows 11"/>
    <property name="java.vm.specification.version" value="21"/>
    <property name="sun.java.launcher" value="SUN_STANDARD"/>
    <property name="user.country" value="CN"/>
    <property name="sun.boot.library.path" value="D:\Program Files\Java\jdk-21\bin"/>
    <property name="sun.java.command" value="C:\Users\dense\AppData\Local\Temp\surefire6704292045688646001\surefirebooter-20250526213656543_7.jar C:\Users\dense\AppData\Local\Temp\surefire6704292045688646001 2025-05-26T21-36-32_718-jvmRun1 surefire-20250526213656543_5tmp surefire_1-20250526213656543_6tmp"/>
    <property name="jdk.debug" value="release"/>
    <property name="surefire.test.class.path" value="D:\UGit\Lynk\im-server\target\test-classes;D:\UGit\Lynk\im-server\target\classes;D:\UGit\Lynk\im-common\im-core\target\im-core-0.0.1-SNAPSHOT.jar;D:\Program Files\Maven\MavenRepository\cn\hutool\hutool-all\5.8.25\hutool-all-5.8.25.jar;D:\Program Files\Maven\MavenRepository\commons-io\commons-io\2.11.0\commons-io-2.11.0.jar;D:\Program Files\Maven\MavenRepository\org\apache\commons\commons-lang3\3.13.0\commons-lang3-3.13.0.jar;D:\Program Files\Maven\MavenRepository\ch\qos\logback\logback-classic\1.4.11\logback-classic-1.4.11.jar;D:\Program Files\Maven\MavenRepository\ch\qos\logback\logback-core\1.4.11\logback-core-1.4.11.jar;D:\UGit\Lynk\im-common\im-domain\target\im-domain-0.0.1-SNAPSHOT.jar;D:\Program Files\Maven\MavenRepository\io\swagger\core\v3\swagger-annotations\2.2.25\swagger-annotations-2.2.25.jar;D:\UGit\Lynk\im-common\im-utils\target\im-utils-0.0.1-SNAPSHOT.jar;D:\UGit\Lynk\im-common\im-general\target\im-general-0.0.1-SNAPSHOT.jar;D:\Program Files\Maven\MavenRepository\org\projectlombok\lombok\1.18.30\lombok-1.18.30.jar;D:\Program Files\Maven\MavenRepository\jakarta\validation\jakarta.validation-api\3.0.2\jakarta.validation-api-3.0.2.jar;D:\Program Files\Maven\MavenRepository\com\fasterxml\jackson\core\jackson-annotations\2.15.2\jackson-annotations-2.15.2.jar;D:\Program Files\Maven\MavenRepository\com\fasterxml\jackson\core\jackson-core\2.15.2\jackson-core-2.15.2.jar;D:\Program Files\Maven\MavenRepository\com\fasterxml\jackson\core\jackson-databind\2.15.2\jackson-databind-2.15.2.jar;D:\Program Files\Maven\MavenRepository\io\minio\minio\8.4.3\minio-8.4.3.jar;D:\Program Files\Maven\MavenRepository\com\carrotsearch\thirdparty\simple-xml-safe\2.7.1\simple-xml-safe-2.7.1.jar;D:\Program Files\Maven\MavenRepository\com\google\guava\guava\30.1.1-jre\guava-30.1.1-jre.jar;D:\Program Files\Maven\MavenRepository\com\google\guava\failureaccess\1.0.1\failureaccess-1.0.1.jar;D:\Program Files\Maven\MavenRepository\com\google\guava\listenablefuture\9999.0-empty-to-avoid-conflict-with-guava\listenablefuture-9999.0-empty-to-avoid-conflict-with-guava.jar;D:\Program Files\Maven\MavenRepository\com\google\code\findbugs\jsr305\3.0.2\jsr305-3.0.2.jar;D:\Program Files\Maven\MavenRepository\org\checkerframework\checker-qual\3.8.0\checker-qual-3.8.0.jar;D:\Program Files\Maven\MavenRepository\com\google\errorprone\error_prone_annotations\2.5.1\error_prone_annotations-2.5.1.jar;D:\Program Files\Maven\MavenRepository\com\google\j2objc\j2objc-annotations\1.3\j2objc-annotations-1.3.jar;D:\Program Files\Maven\MavenRepository\org\bouncycastle\bcprov-jdk15on\1.69\bcprov-jdk15on-1.69.jar;D:\Program Files\Maven\MavenRepository\org\apache\commons\commons-compress\1.21\commons-compress-1.21.jar;D:\Program Files\Maven\MavenRepository\org\xerial\snappy\snappy-java\1.1.8.4\snappy-java-1.1.8.4.jar;D:\Program Files\Maven\MavenRepository\com\squareup\okhttp3\okhttp\4.9.0\okhttp-4.9.0.jar;D:\Program Files\Maven\MavenRepository\com\squareup\okio\okio\2.8.0\okio-2.8.0.jar;D:\Program Files\Maven\MavenRepository\org\jetbrains\kotlin\kotlin-stdlib\1.3.70\kotlin-stdlib-1.3.70.jar;D:\Program Files\Maven\MavenRepository\org\jetbrains\kotlin\kotlin-stdlib-common\1.9.20\kotlin-stdlib-common-1.9.20.jar;D:\Program Files\Maven\MavenRepository\org\jetbrains\annotations\13.0\annotations-13.0.jar;D:\Program Files\Maven\MavenRepository\org\springframework\boot\spring-boot-starter-amqp\3.2.0\spring-boot-starter-amqp-3.2.0.jar;D:\Program Files\Maven\MavenRepository\org\springframework\spring-messaging\6.1.1\spring-messaging-6.1.1.jar;D:\Program Files\Maven\MavenRepository\org\springframework\spring-beans\6.1.1\spring-beans-6.1.1.jar;D:\Program Files\Maven\MavenRepository\org\springframework\amqp\spring-rabbit\3.1.0\spring-rabbit-3.1.0.jar;D:\Program Files\Maven\MavenRepository\org\springframework\amqp\spring-amqp\3.1.0\spring-amqp-3.1.0.jar;D:\Program Files\Maven\MavenRepository\org\springframework\retry\spring-retry\2.0.4\spring-retry-2.0.4.jar;D:\Program Files\Maven\MavenRepository\com\rabbitmq\amqp-client\5.19.0\amqp-client-5.19.0.jar;D:\Program Files\Maven\MavenRepository\org\springframework\spring-context\6.1.1\spring-context-6.1.1.jar;D:\Program Files\Maven\MavenRepository\org\springframework\spring-tx\6.1.1\spring-tx-6.1.1.jar;D:\Program Files\Maven\MavenRepository\com\github\xiaoymin\knife4j-openapi3-jakarta-spring-boot-starter\4.3.0\knife4j-openapi3-jakarta-spring-boot-starter-4.3.0.jar;D:\Program Files\Maven\MavenRepository\com\github\xiaoymin\knife4j-core\4.3.0\knife4j-core-4.3.0.jar;D:\Program Files\Maven\MavenRepository\com\github\xiaoymin\knife4j-openapi3-ui\4.3.0\knife4j-openapi3-ui-4.3.0.jar;D:\Program Files\Maven\MavenRepository\org\springdoc\springdoc-openapi-starter-webmvc-ui\2.0.4\springdoc-openapi-starter-webmvc-ui-2.0.4.jar;D:\Program Files\Maven\MavenRepository\org\springdoc\springdoc-openapi-starter-webmvc-api\2.0.4\springdoc-openapi-starter-webmvc-api-2.0.4.jar;D:\Program Files\Maven\MavenRepository\org\springdoc\springdoc-openapi-starter-common\2.0.4\springdoc-openapi-starter-common-2.0.4.jar;D:\Program Files\Maven\MavenRepository\io\swagger\core\v3\swagger-core-jakarta\2.2.8\swagger-core-jakarta-2.2.8.jar;D:\Program Files\Maven\MavenRepository\io\swagger\core\v3\swagger-annotations-jakarta\2.2.8\swagger-annotations-jakarta-2.2.8.jar;D:\Program Files\Maven\MavenRepository\io\swagger\core\v3\swagger-models-jakarta\2.2.8\swagger-models-jakarta-2.2.8.jar;D:\Program Files\Maven\MavenRepository\com\fasterxml\jackson\dataformat\jackson-dataformat-yaml\2.15.3\jackson-dataformat-yaml-2.15.3.jar;D:\Program Files\Maven\MavenRepository\org\webjars\swagger-ui\4.18.1\swagger-ui-4.18.1.jar;D:\Program Files\Maven\MavenRepository\org\webjars\webjars-locator-core\0.55\webjars-locator-core-0.55.jar;D:\Program Files\Maven\MavenRepository\io\github\classgraph\classgraph\4.8.149\classgraph-4.8.149.jar;D:\Program Files\Maven\MavenRepository\org\springframework\boot\spring-boot-starter-data-redis\3.2.0\spring-boot-starter-data-redis-3.2.0.jar;D:\Program Files\Maven\MavenRepository\io\lettuce\lettuce-core\6.3.0.RELEASE\lettuce-core-6.3.0.RELEASE.jar;D:\Program Files\Maven\MavenRepository\io\netty\netty-common\4.1.101.Final\netty-common-4.1.101.Final.jar;D:\Program Files\Maven\MavenRepository\io\netty\netty-handler\4.1.101.Final\netty-handler-4.1.101.Final.jar;D:\Program Files\Maven\MavenRepository\io\netty\netty-resolver\4.1.101.Final\netty-resolver-4.1.101.Final.jar;D:\Program Files\Maven\MavenRepository\io\netty\netty-buffer\4.1.101.Final\netty-buffer-4.1.101.Final.jar;D:\Program Files\Maven\MavenRepository\io\netty\netty-transport-native-unix-common\4.1.101.Final\netty-transport-native-unix-common-4.1.101.Final.jar;D:\Program Files\Maven\MavenRepository\io\netty\netty-codec\4.1.101.Final\netty-codec-4.1.101.Final.jar;D:\Program Files\Maven\MavenRepository\io\netty\netty-transport\4.1.101.Final\netty-transport-4.1.101.Final.jar;D:\Program Files\Maven\MavenRepository\io\projectreactor\reactor-core\3.6.0\reactor-core-3.6.0.jar;D:\Program Files\Maven\MavenRepository\org\reactivestreams\reactive-streams\1.0.4\reactive-streams-1.0.4.jar;D:\Program Files\Maven\MavenRepository\org\springframework\data\spring-data-redis\3.2.0\spring-data-redis-3.2.0.jar;D:\Program Files\Maven\MavenRepository\org\springframework\data\spring-data-keyvalue\3.2.0\spring-data-keyvalue-3.2.0.jar;D:\Program Files\Maven\MavenRepository\org\springframework\data\spring-data-commons\3.2.0\spring-data-commons-3.2.0.jar;D:\Program Files\Maven\MavenRepository\org\springframework\spring-oxm\6.1.1\spring-oxm-6.1.1.jar;D:\Program Files\Maven\MavenRepository\org\springframework\spring-context-support\6.1.1\spring-context-support-6.1.1.jar;D:\Program Files\Maven\MavenRepository\org\springframework\boot\spring-boot-starter\3.2.0\spring-boot-starter-3.2.0.jar;D:\Program Files\Maven\MavenRepository\org\springframework\boot\spring-boot\3.2.0\spring-boot-3.2.0.jar;D:\Program Files\Maven\MavenRepository\org\springframework\boot\spring-boot-autoconfigure\3.2.0\spring-boot-autoconfigure-3.2.0.jar;D:\Program Files\Maven\MavenRepository\org\springframework\boot\spring-boot-starter-logging\3.2.0\spring-boot-starter-logging-3.2.0.jar;D:\Program Files\Maven\MavenRepository\org\apache\logging\log4j\log4j-to-slf4j\2.21.1\log4j-to-slf4j-2.21.1.jar;D:\Program Files\Maven\MavenRepository\org\apache\logging\log4j\log4j-api\2.21.1\log4j-api-2.21.1.jar;D:\Program Files\Maven\MavenRepository\org\slf4j\jul-to-slf4j\2.0.9\jul-to-slf4j-2.0.9.jar;D:\Program Files\Maven\MavenRepository\jakarta\annotation\jakarta.annotation-api\2.1.1\jakarta.annotation-api-2.1.1.jar;D:\Program Files\Maven\MavenRepository\org\springframework\spring-core\6.1.1\spring-core-6.1.1.jar;D:\Program Files\Maven\MavenRepository\org\springframework\spring-jcl\6.1.1\spring-jcl-6.1.1.jar;D:\Program Files\Maven\MavenRepository\org\yaml\snakeyaml\2.2\snakeyaml-2.2.jar;D:\Program Files\Maven\MavenRepository\org\springframework\boot\spring-boot-starter-aop\3.2.0\spring-boot-starter-aop-3.2.0.jar;D:\Program Files\Maven\MavenRepository\org\springframework\spring-aop\6.1.1\spring-aop-6.1.1.jar;D:\Program Files\Maven\MavenRepository\org\aspectj\aspectjweaver\1.9.20.1\aspectjweaver-1.9.20.1.jar;D:\Program Files\Maven\MavenRepository\org\springframework\boot\spring-boot-starter-web\3.2.0\spring-boot-starter-web-3.2.0.jar;D:\Program Files\Maven\MavenRepository\org\springframework\boot\spring-boot-starter-json\3.2.0\spring-boot-starter-json-3.2.0.jar;D:\Program Files\Maven\MavenRepository\com\fasterxml\jackson\datatype\jackson-datatype-jdk8\2.15.3\jackson-datatype-jdk8-2.15.3.jar;D:\Program Files\Maven\MavenRepository\com\fasterxml\jackson\datatype\jackson-datatype-jsr310\2.15.3\jackson-datatype-jsr310-2.15.3.jar;D:\Program Files\Maven\MavenRepository\com\fasterxml\jackson\module\jackson-module-parameter-names\2.15.3\jackson-module-parameter-names-2.15.3.jar;D:\Program Files\Maven\MavenRepository\org\springframework\spring-web\6.1.1\spring-web-6.1.1.jar;D:\Program Files\Maven\MavenRepository\org\springframework\spring-webmvc\6.1.1\spring-webmvc-6.1.1.jar;D:\Program Files\Maven\MavenRepository\org\springframework\spring-expression\6.1.1\spring-expression-6.1.1.jar;D:\Program Files\Maven\MavenRepository\org\springframework\boot\spring-boot-starter-undertow\3.2.0\spring-boot-starter-undertow-3.2.0.jar;D:\Program Files\Maven\MavenRepository\io\undertow\undertow-core\2.3.10.Final\undertow-core-2.3.10.Final.jar;D:\Program Files\Maven\MavenRepository\org\jboss\logging\jboss-logging\3.5.3.Final\jboss-logging-3.5.3.Final.jar;D:\Program Files\Maven\MavenRepository\org\jboss\xnio\xnio-api\3.8.8.Final\xnio-api-3.8.8.Final.jar;D:\Program Files\Maven\MavenRepository\org\wildfly\common\wildfly-common\1.5.4.Final\wildfly-common-1.5.4.Final.jar;D:\Program Files\Maven\MavenRepository\org\wildfly\client\wildfly-client-config\1.0.1.Final\wildfly-client-config-1.0.1.Final.jar;D:\Program Files\Maven\MavenRepository\org\jboss\xnio\xnio-nio\3.8.8.Final\xnio-nio-3.8.8.Final.jar;D:\Program Files\Maven\MavenRepository\org\jboss\threads\jboss-threads\3.5.0.Final\jboss-threads-3.5.0.Final.jar;D:\Program Files\Maven\MavenRepository\io\undertow\undertow-servlet\2.3.10.Final\undertow-servlet-2.3.10.Final.jar;D:\Program Files\Maven\MavenRepository\jakarta\servlet\jakarta.servlet-api\6.0.0\jakarta.servlet-api-6.0.0.jar;D:\Program Files\Maven\MavenRepository\io\undertow\undertow-websockets-jsr\2.3.10.Final\undertow-websockets-jsr-2.3.10.Final.jar;D:\Program Files\Maven\MavenRepository\jakarta\websocket\jakarta.websocket-api\2.1.1\jakarta.websocket-api-2.1.1.jar;D:\Program Files\Maven\MavenRepository\jakarta\websocket\jakarta.websocket-client-api\2.1.1\jakarta.websocket-client-api-2.1.1.jar;D:\Program Files\Maven\MavenRepository\org\apache\tomcat\embed\tomcat-embed-el\10.1.16\tomcat-embed-el-10.1.16.jar;D:\Program Files\Maven\MavenRepository\org\springframework\boot\spring-boot-starter-test\3.2.0\spring-boot-starter-test-3.2.0.jar;D:\Program Files\Maven\MavenRepository\org\springframework\boot\spring-boot-test\3.2.0\spring-boot-test-3.2.0.jar;D:\Program Files\Maven\MavenRepository\org\springframework\boot\spring-boot-test-autoconfigure\3.2.0\spring-boot-test-autoconfigure-3.2.0.jar;D:\Program Files\Maven\MavenRepository\com\jayway\jsonpath\json-path\2.8.0\json-path-2.8.0.jar;D:\Program Files\Maven\MavenRepository\jakarta\xml\bind\jakarta.xml.bind-api\4.0.1\jakarta.xml.bind-api-4.0.1.jar;D:\Program Files\Maven\MavenRepository\jakarta\activation\jakarta.activation-api\2.1.2\jakarta.activation-api-2.1.2.jar;D:\Program Files\Maven\MavenRepository\net\minidev\json-smart\2.5.0\json-smart-2.5.0.jar;D:\Program Files\Maven\MavenRepository\net\minidev\accessors-smart\2.5.0\accessors-smart-2.5.0.jar;D:\Program Files\Maven\MavenRepository\org\ow2\asm\asm\9.3\asm-9.3.jar;D:\Program Files\Maven\MavenRepository\org\assertj\assertj-core\3.24.2\assertj-core-3.24.2.jar;D:\Program Files\Maven\MavenRepository\net\bytebuddy\byte-buddy\1.14.10\byte-buddy-1.14.10.jar;D:\Program Files\Maven\MavenRepository\org\awaitility\awaitility\4.2.0\awaitility-4.2.0.jar;D:\Program Files\Maven\MavenRepository\org\hamcrest\hamcrest\2.2\hamcrest-2.2.jar;D:\Program Files\Maven\MavenRepository\org\junit\jupiter\junit-jupiter\5.10.1\junit-jupiter-5.10.1.jar;D:\Program Files\Maven\MavenRepository\org\junit\jupiter\junit-jupiter-api\5.10.1\junit-jupiter-api-5.10.1.jar;D:\Program Files\Maven\MavenRepository\org\opentest4j\opentest4j\1.3.0\opentest4j-1.3.0.jar;D:\Program Files\Maven\MavenRepository\org\junit\platform\junit-platform-commons\1.10.1\junit-platform-commons-1.10.1.jar;D:\Program Files\Maven\MavenRepository\org\apiguardian\apiguardian-api\1.1.2\apiguardian-api-1.1.2.jar;D:\Program Files\Maven\MavenRepository\org\junit\jupiter\junit-jupiter-params\5.10.1\junit-jupiter-params-5.10.1.jar;D:\Program Files\Maven\MavenRepository\org\junit\jupiter\junit-jupiter-engine\5.10.1\junit-jupiter-engine-5.10.1.jar;D:\Program Files\Maven\MavenRepository\org\junit\platform\junit-platform-engine\1.10.1\junit-platform-engine-1.10.1.jar;D:\Program Files\Maven\MavenRepository\org\mockito\mockito-core\5.7.0\mockito-core-5.7.0.jar;D:\Program Files\Maven\MavenRepository\net\bytebuddy\byte-buddy-agent\1.14.10\byte-buddy-agent-1.14.10.jar;D:\Program Files\Maven\MavenRepository\org\objenesis\objenesis\3.3\objenesis-3.3.jar;D:\Program Files\Maven\MavenRepository\org\mockito\mockito-junit-jupiter\5.7.0\mockito-junit-jupiter-5.7.0.jar;D:\Program Files\Maven\MavenRepository\org\skyscreamer\jsonassert\1.5.1\jsonassert-1.5.1.jar;D:\Program Files\Maven\MavenRepository\com\vaadin\external\google\android-json\0.0.20131108.vaadin1\android-json-0.0.20131108.vaadin1.jar;D:\Program Files\Maven\MavenRepository\org\springframework\spring-test\6.1.1\spring-test-6.1.1.jar;D:\Program Files\Maven\MavenRepository\org\xmlunit\xmlunit-core\2.9.1\xmlunit-core-2.9.1.jar;D:\Program Files\Maven\MavenRepository\org\springframework\boot\spring-boot-starter-validation\3.2.0\spring-boot-starter-validation-3.2.0.jar;D:\Program Files\Maven\MavenRepository\org\hibernate\validator\hibernate-validator\8.0.1.Final\hibernate-validator-8.0.1.Final.jar;D:\Program Files\Maven\MavenRepository\com\fasterxml\classmate\1.6.0\classmate-1.6.0.jar;D:\Program Files\Maven\MavenRepository\com\alibaba\cloud\spring-cloud-starter-alibaba-nacos-discovery\2023.0.0.0-RC1\spring-cloud-starter-alibaba-nacos-discovery-2023.0.0.0-RC1.jar;D:\Program Files\Maven\MavenRepository\com\alibaba\cloud\spring-cloud-alibaba-commons\2023.0.0.0-RC1\spring-cloud-alibaba-commons-2023.0.0.0-RC1.jar;D:\Program Files\Maven\MavenRepository\com\alibaba\nacos\nacos-client\2.3.0\nacos-client-2.3.0.jar;D:\Program Files\Maven\MavenRepository\com\alibaba\nacos\nacos-auth-plugin\2.3.0\nacos-auth-plugin-2.3.0.jar;D:\Program Files\Maven\MavenRepository\com\alibaba\nacos\nacos-encryption-plugin\2.3.0\nacos-encryption-plugin-2.3.0.jar;D:\Program Files\Maven\MavenRepository\commons-codec\commons-codec\1.16.0\commons-codec-1.16.0.jar;D:\Program Files\Maven\MavenRepository\org\apache\httpcomponents\httpasyncclient\4.1.5\httpasyncclient-4.1.5.jar;D:\Program Files\Maven\MavenRepository\org\apache\httpcomponents\httpcore-nio\4.4.16\httpcore-nio-4.4.16.jar;D:\Program Files\Maven\MavenRepository\org\apache\httpcomponents\httpclient\4.5.13\httpclient-4.5.13.jar;D:\Program Files\Maven\MavenRepository\org\apache\httpcomponents\httpcore\4.4.16\httpcore-4.4.16.jar;D:\Program Files\Maven\MavenRepository\io\prometheus\simpleclient\0.16.0\simpleclient-0.16.0.jar;D:\Program Files\Maven\MavenRepository\io\prometheus\simpleclient_tracer_otel\0.16.0\simpleclient_tracer_otel-0.16.0.jar;D:\Program Files\Maven\MavenRepository\io\prometheus\simpleclient_tracer_common\0.16.0\simpleclient_tracer_common-0.16.0.jar;D:\Program Files\Maven\MavenRepository\io\prometheus\simpleclient_tracer_otel_agent\0.16.0\simpleclient_tracer_otel_agent-0.16.0.jar;D:\Program Files\Maven\MavenRepository\com\alibaba\spring\spring-context-support\1.0.11\spring-context-support-1.0.11.jar;D:\Program Files\Maven\MavenRepository\org\springframework\cloud\spring-cloud-commons\4.1.0\spring-cloud-commons-4.1.0.jar;D:\Program Files\Maven\MavenRepository\org\springframework\security\spring-security-crypto\6.2.0\spring-security-crypto-6.2.0.jar;D:\Program Files\Maven\MavenRepository\org\springframework\cloud\spring-cloud-context\4.1.0\spring-cloud-context-4.1.0.jar;D:\Program Files\Maven\MavenRepository\com\alibaba\cloud\spring-cloud-starter-alibaba-nacos-config\2023.0.0.0-RC1\spring-cloud-starter-alibaba-nacos-config-2023.0.0.0-RC1.jar;D:\Program Files\Maven\MavenRepository\org\slf4j\slf4j-api\2.0.9\slf4j-api-2.0.9.jar;D:\Program Files\Maven\MavenRepository\org\springframework\cloud\spring-cloud-starter-openfeign\4.1.0\spring-cloud-starter-openfeign-4.1.0.jar;D:\Program Files\Maven\MavenRepository\org\springframework\cloud\spring-cloud-starter\4.1.0\spring-cloud-starter-4.1.0.jar;D:\Program Files\Maven\MavenRepository\org\springframework\security\spring-security-rsa\1.1.1\spring-security-rsa-1.1.1.jar;D:\Program Files\Maven\MavenRepository\org\bouncycastle\bcprov-jdk18on\1.74\bcprov-jdk18on-1.74.jar;D:\Program Files\Maven\MavenRepository\org\springframework\cloud\spring-cloud-openfeign-core\4.1.0\spring-cloud-openfeign-core-4.1.0.jar;D:\Program Files\Maven\MavenRepository\io\github\openfeign\form\feign-form-spring\3.8.0\feign-form-spring-3.8.0.jar;D:\Program Files\Maven\MavenRepository\io\github\openfeign\form\feign-form\3.8.0\feign-form-3.8.0.jar;D:\Program Files\Maven\MavenRepository\commons-fileupload\commons-fileupload\1.5\commons-fileupload-1.5.jar;D:\Program Files\Maven\MavenRepository\io\github\openfeign\feign-core\13.1\feign-core-13.1.jar;D:\Program Files\Maven\MavenRepository\io\github\openfeign\feign-slf4j\13.1\feign-slf4j-13.1.jar;D:\Program Files\Maven\MavenRepository\org\springframework\cloud\spring-cloud-starter-loadbalancer\4.1.0\spring-cloud-starter-loadbalancer-4.1.0.jar;D:\Program Files\Maven\MavenRepository\org\springframework\cloud\spring-cloud-loadbalancer\4.1.0\spring-cloud-loadbalancer-4.1.0.jar;D:\Program Files\Maven\MavenRepository\io\projectreactor\addons\reactor-extra\3.5.1\reactor-extra-3.5.1.jar;D:\Program Files\Maven\MavenRepository\org\springframework\boot\spring-boot-starter-cache\3.2.0\spring-boot-starter-cache-3.2.0.jar;D:\Program Files\Maven\MavenRepository\com\stoyanr\evictor\1.0.0\evictor-1.0.0.jar;D:\Program Files\Maven\MavenRepository\com\alibaba\cloud\spring-cloud-starter-alibaba-sentinel\2023.0.0.0-RC1\spring-cloud-starter-alibaba-sentinel-2023.0.0.0-RC1.jar;D:\Program Files\Maven\MavenRepository\com\alibaba\csp\sentinel-transport-simple-http\1.8.6\sentinel-transport-simple-http-1.8.6.jar;D:\Program Files\Maven\MavenRepository\com\alibaba\csp\sentinel-transport-common\1.8.6\sentinel-transport-common-1.8.6.jar;D:\Program Files\Maven\MavenRepository\com\alibaba\csp\sentinel-datasource-extension\1.8.6\sentinel-datasource-extension-1.8.6.jar;D:\Program Files\Maven\MavenRepository\com\alibaba\fastjson\1.2.83_noneautotype\fastjson-1.2.83_noneautotype.jar;D:\Program Files\Maven\MavenRepository\com\alibaba\csp\sentinel-annotation-aspectj\1.8.6\sentinel-annotation-aspectj-1.8.6.jar;D:\Program Files\Maven\MavenRepository\com\alibaba\csp\sentinel-core\1.8.6\sentinel-core-1.8.6.jar;D:\Program Files\Maven\MavenRepository\com\alibaba\cloud\spring-cloud-circuitbreaker-sentinel\2023.0.0.0-RC1\spring-cloud-circuitbreaker-sentinel-2023.0.0.0-RC1.jar;D:\Program Files\Maven\MavenRepository\com\alibaba\csp\sentinel-reactor-adapter\1.8.6\sentinel-reactor-adapter-1.8.6.jar;D:\Program Files\Maven\MavenRepository\com\alibaba\csp\sentinel-spring-webflux-adapter\1.8.6\sentinel-spring-webflux-adapter-1.8.6.jar;D:\Program Files\Maven\MavenRepository\com\alibaba\csp\sentinel-spring-webmvc-6x-adapter\1.8.6\sentinel-spring-webmvc-6x-adapter-1.8.6.jar;D:\Program Files\Maven\MavenRepository\com\alibaba\csp\sentinel-parameter-flow-control\1.8.6\sentinel-parameter-flow-control-1.8.6.jar;D:\Program Files\Maven\MavenRepository\com\googlecode\concurrentlinkedhashmap\concurrentlinkedhashmap-lru\1.4.2\concurrentlinkedhashmap-lru-1.4.2.jar;D:\Program Files\Maven\MavenRepository\com\alibaba\csp\sentinel-cluster-server-default\1.8.6\sentinel-cluster-server-default-1.8.6.jar;D:\Program Files\Maven\MavenRepository\com\alibaba\csp\sentinel-cluster-common-default\1.8.6\sentinel-cluster-common-default-1.8.6.jar;D:\Program Files\Maven\MavenRepository\com\alibaba\csp\sentinel-cluster-client-default\1.8.6\sentinel-cluster-client-default-1.8.6.jar;D:\Program Files\Maven\MavenRepository\com\alibaba\cloud\spring-cloud-alibaba-sentinel-datasource\2023.0.0.0-RC1\spring-cloud-alibaba-sentinel-datasource-2023.0.0.0-RC1.jar;D:\Program Files\Maven\MavenRepository\org\springframework\boot\spring-boot-starter-actuator\3.2.0\spring-boot-starter-actuator-3.2.0.jar;D:\Program Files\Maven\MavenRepository\org\springframework\boot\spring-boot-actuator-autoconfigure\3.2.0\spring-boot-actuator-autoconfigure-3.2.0.jar;D:\Program Files\Maven\MavenRepository\org\springframework\boot\spring-boot-actuator\3.2.0\spring-boot-actuator-3.2.0.jar;D:\Program Files\Maven\MavenRepository\io\micrometer\micrometer-observation\1.12.0\micrometer-observation-1.12.0.jar;D:\Program Files\Maven\MavenRepository\io\micrometer\micrometer-commons\1.12.0\micrometer-commons-1.12.0.jar;D:\Program Files\Maven\MavenRepository\io\micrometer\micrometer-jakarta9\1.12.0\micrometer-jakarta9-1.12.0.jar;D:\Program Files\Maven\MavenRepository\io\micrometer\micrometer-core\1.12.0\micrometer-core-1.12.0.jar;D:\Program Files\Maven\MavenRepository\org\hdrhistogram\HdrHistogram\2.1.12\HdrHistogram-2.1.12.jar;D:\Program Files\Maven\MavenRepository\org\latencyutils\LatencyUtils\2.0.3\LatencyUtils-2.0.3.jar;D:\Program Files\Maven\MavenRepository\org\springframework\cloud\spring-cloud-starter-bootstrap\4.1.0\spring-cloud-starter-bootstrap-4.1.0.jar;D:\Program Files\Maven\MavenRepository\org\graalvm\buildtools\native-maven-plugin\0.9.28\native-maven-plugin-0.9.28.jar;D:\Program Files\Maven\MavenRepository\org\graalvm\buildtools\junit-platform-native\0.9.28\junit-platform-native-0.9.28.jar;D:\Program Files\Maven\MavenRepository\org\junit\platform\junit-platform-console\1.10.1\junit-platform-console-1.10.1.jar;D:\Program Files\Maven\MavenRepository\org\junit\platform\junit-platform-reporting\1.10.1\junit-platform-reporting-1.10.1.jar;D:\Program Files\Maven\MavenRepository\org\junit\platform\junit-platform-launcher\1.10.1\junit-platform-launcher-1.10.1.jar;D:\Program Files\Maven\MavenRepository\org\graalvm\buildtools\utils\0.9.28\utils-0.9.28.jar;D:\Program Files\Maven\MavenRepository\org\graalvm\buildtools\graalvm-reachability-metadata\0.9.28\graalvm-reachability-metadata-0.9.28.jar;D:\Program Files\Maven\MavenRepository\org\graalvm\nativeimage\svm\22.3.3\svm-22.3.3.jar;D:\Program Files\Maven\MavenRepository\org\graalvm\sdk\graal-sdk\22.3.3\graal-sdk-22.3.3.jar;D:\Program Files\Maven\MavenRepository\org\graalvm\nativeimage\objectfile\22.3.3\objectfile-22.3.3.jar;D:\Program Files\Maven\MavenRepository\org\graalvm\nativeimage\pointsto\22.3.3\pointsto-22.3.3.jar;D:\Program Files\Maven\MavenRepository\org\graalvm\compiler\compiler\22.3.3\compiler-22.3.3.jar;D:\Program Files\Maven\MavenRepository\org\graalvm\truffle\truffle-api\22.3.3\truffle-api-22.3.3.jar;D:\Program Files\Maven\MavenRepository\org\graalvm\nativeimage\native-image-base\22.3.3\native-image-base-22.3.3.jar;D:\Program Files\Maven\MavenRepository\org\codehaus\plexus\plexus-utils\4.0.0\plexus-utils-4.0.0.jar;D:\Program Files\Maven\MavenRepository\org\codehaus\plexus\plexus-xml\4.0.2\plexus-xml-4.0.2.jar;D:\Program Files\Maven\MavenRepository\org\apache\maven\maven-xml-impl\4.0.0-alpha-7\maven-xml-impl-4.0.0-alpha-7.jar;D:\Program Files\Maven\MavenRepository\org\apache\maven\maven-api-xml\4.0.0-alpha-7\maven-api-xml-4.0.0-alpha-7.jar;D:\Program Files\Maven\MavenRepository\org\apache\maven\maven-api-meta\4.0.0-alpha-7\maven-api-meta-4.0.0-alpha-7.jar;"/>
    <property name="sun.cpu.endian" value="little"/>
    <property name="user.home" value="C:\Users\dense"/>
    <property name="user.language" value="zh"/>
    <property name="java.specification.vendor" value="Oracle Corporation"/>
    <property name="java.version.date" value="2023-09-19"/>
    <property name="java.home" value="D:\Program Files\Java\jdk-21"/>
    <property name="file.separator" value="\"/>
    <property name="basedir" value="D:\UGit\Lynk\im-server"/>
    <property name="java.vm.compressedOopsMode" value="Zero based"/>
    <property name="line.separator" value="&#10;"/>
    <property name="java.vm.specification.vendor" value="Oracle Corporation"/>
    <property name="java.specification.name" value="Java Platform API Specification"/>
    <property name="surefire.real.class.path" value="C:\Users\dense\AppData\Local\Temp\surefire6704292045688646001\surefirebooter-20250526213656543_7.jar"/>
    <property name="user.script" value=""/>
    <property name="sun.management.compiler" value="HotSpot 64-Bit Tiered Compilers"/>
    <property name="java.runtime.version" value="21+35-2513"/>
    <property name="user.name" value="dense"/>
    <property name="stdout.encoding" value="GBK"/>
    <property name="path.separator" value=";"/>
    <property name="os.version" value="10.0"/>
    <property name="java.runtime.name" value="OpenJDK Runtime Environment"/>
    <property name="file.encoding" value="UTF-8"/>
    <property name="java.vm.name" value="OpenJDK 64-Bit Server VM"/>
    <property name="localRepository" value="D:\Program Files\Maven\MavenRepository"/>
    <property name="java.vendor.url.bug" value="https://bugreport.java.com/bugreport/"/>
    <property name="java.io.tmpdir" value="C:\Users\dense\AppData\Local\Temp\"/>
    <property name="idea.version" value="2025.1.1.1"/>
    <property name="java.version" value="21"/>
    <property name="user.dir" value="D:\UGit\Lynk\im-server"/>
    <property name="os.arch" value="amd64"/>
    <property name="java.vm.specification.name" value="Java Virtual Machine Specification"/>
    <property name="sun.os.patch.level" value=""/>
    <property name="native.encoding" value="GBK"/>
    <property name="java.library.path" value="D:\Program Files\Java\jdk-21\bin;C:\Windows\Sun\Java\bin;C:\Windows\system32;C:\Windows;C:\Program Files (x86)\NVIDIA Corporation\PhysX\Common;c:\Users\dense\AppData\Local\Programs\cursor\resources\app\bin;D:\Program Files\Python\Scripts\;D:\Program Files\ShadowBot;D:\Program Files\VMware\VMware Workstation\bin\;C:\Windows\system32;C:\Windows;C:\Windows\System32\Wbem;C:\Windows\System32\WindowsPowerShell\v1.0\;C:\Windows\System32\OpenSSH\;C:\Program Files\dotnet\;D:\Program Files\Java\jdk-17\bin;D:\Program Files\Git\cmd;C:\Program Files\Docker\Docker\resources\bin;D:\Program Files\Docker\docker-compose\docker-compose-Windows-x86_64.exe;D:\Program Files\dotnet\;C:\Program Files (x86)\NetSarang\Xftp 7\;D:\Program Files\Android Adb\platform-tools;D:\Program Files\OpenSSL-Win64\bin;D:\Program Files\EasyShare\x86\;D:\Program Files\EasyShare\x64\;D:\Program Files\nodejs\;D:\Program Files\Python\;D:\Program Files\Python\Scripts\;D:\Program Files\Python\;C:\Users\dense\AppData\Local\Programs\Python\Python311\Scripts\;C:\Users\dense\AppData\Local\Programs\Python\Python311\;C:\Users\dense\.cargo\bin;D:\Program Files\Sha;C:\Program Files (x86)\Windows Kits\8.1\Windows Performance Toolkit\;D:\Program Files (x86)\NetSarang\Xshell 8\;D:\Program Files (x86)\NetSarang\Xftp 8\;D:\Program Files\Python\Scripts\;D:\Program Files\Python\;C:\Users\dense\AppData\Local\Programs\Python\Python311\Scripts\;C:\Users\dense\AppData\Local\Programs\Python\Python311\;C:\Users\dense\.cargo\bin;D:\Program Files\ShadowBot;C:\Users\dense\AppData\Local\Microsoft\WindowsApps;d:\Program Files\JetBrains\IntelliJ IDEA 2023.1.3\bin;D:\Program Files\JetBrains\CLion 2023.2.2\bin;%IntelliJ IDEA%;C:\Users\dense\AppData\Roaming\npm;%PyCharm%;%RustRover%;D:\Program Files\VSCode\Microsoft VS Code\bin;D:\Program Files\flutter\bin;D:\Program Files\Cursor\cursor\resources\app\bin;C:\Users\dense\AppData\Local\UGit\app-5.30.1\resources\app\git\cmd;C:\Users\dense\AppData\Local\UGit\bin;."/>
    <property name="java.vm.info" value="mixed mode, sharing"/>
    <property name="stderr.encoding" value="GBK"/>
    <property name="java.vendor" value="Oracle Corporation"/>
    <property name="java.vm.version" value="21+35-2513"/>
    <property name="sun.io.unicode.encoding" value="UnicodeLittle"/>
    <property name="maven.repo.local" value="D:\Program Files\Maven\MavenRepository"/>
    <property name="java.class.version" value="65.0"/>
  </properties>
  <testcase name="" classname="com.xy.data.ImServerApplicationTests" time="0.378">
    <error message="Unable to find a @SpringBootConfiguration, you need to use @ContextConfiguration or @SpringBootTest(classes=...) with your test" type="java.lang.IllegalStateException"><![CDATA[java.lang.IllegalStateException: Unable to find a @SpringBootConfiguration, you need to use @ContextConfiguration or @SpringBootTest(classes=...) with your test
	at org.springframework.util.Assert.state(Assert.java:76)
	at org.springframework.boot.test.context.SpringBootTestContextBootstrapper.findConfigurationClass(SpringBootTestContextBootstrapper.java:246)
	at org.springframework.boot.test.context.SpringBootTestContextBootstrapper.getOrFindConfigurationClasses(SpringBootTestContextBootstrapper.java:233)
	at org.springframework.boot.test.context.SpringBootTestContextBootstrapper.processMergedContextConfiguration(SpringBootTestContextBootstrapper.java:150)
	at org.springframework.test.context.support.AbstractTestContextBootstrapper.buildMergedContextConfiguration(AbstractTestContextBootstrapper.java:354)
	at org.springframework.test.context.support.AbstractTestContextBootstrapper.buildDefaultMergedContextConfiguration(AbstractTestContextBootstrapper.java:270)
	at org.springframework.test.context.support.AbstractTestContextBootstrapper.buildMergedContextConfiguration(AbstractTestContextBootstrapper.java:218)
	at org.springframework.test.context.support.AbstractTestContextBootstrapper.buildTestContext(AbstractTestContextBootstrapper.java:108)
	at org.springframework.boot.test.context.SpringBootTestContextBootstrapper.buildTestContext(SpringBootTestContextBootstrapper.java:111)
	at org.springframework.test.context.TestContextManager.<init>(TestContextManager.java:129)
	at org.springframework.test.context.TestContextManager.<init>(TestContextManager.java:113)
	at org.springframework.test.context.junit.jupiter.SpringExtension.getTestContextManager(SpringExtension.java:366)
	at org.springframework.test.context.junit.jupiter.SpringExtension.beforeAll(SpringExtension.java:131)
	at java.base/java.util.ArrayList.forEach(ArrayList.java:1596)
]]></error>
    <system-out><![CDATA[21:36:57.621 [main] INFO org.springframework.test.context.support.AnnotationConfigContextLoaderUtils -- Could not detect default configuration classes for test class [com.xy.data.ImServerApplicationTests]: ImServerApplicationTests does not declare any static, non-private, non-final, nested classes annotated with @Configuration.
]]></system-out>
  </testcase>
</testsuite>